{
 "cells": [
  {
   "cell_type": "code",
   "execution_count": 1,
   "id": "35982aa0",
   "metadata": {},
   "outputs": [
    {
     "name": "stdout",
     "output_type": "stream",
     "text": [
      "\\Untitled_51-60.ipynb : 8.039134979248047  мегобайт  2024-11-22 20:48:01.444189\n"
     ]
    }
   ],
   "source": [
    "import os;import math;import sys;import datetime;\n",
    "var='\\\\Untitled_51-60.ipynb'\n",
    "print (var,':',os.path.getsize(os.path.abspath(os.curdir)+var)/math.pow(2, 20),' мегобайт ',datetime.datetime.now())"
   ]
  },
  {
   "cell_type": "markdown",
   "id": "38494972",
   "metadata": {},
   "source": [
    "чтобы при анализе конечного состояния таблицы DEST исключить возможность влияния предыдущих исполнений программы;\n",
    "четвертая группа копирует данные таблицы по одному байту за прием. Команды, находящиеся в сегменте команд, образуют единственную процедуру, окаймленную псевдооператорами OUR_PROG PROC FAR и OUR_PROG ENDP. Этой процедуре присвоен атрибут FAR, поэтому при завершении исполнения программы микропроцессор 8088 по команде RET возвратит управление отладчику DEBUG (находящемуся в другом сегменте памяти). Из этих соображений Вам следует оформлять свои программы как процедуры."
   ]
  },
  {
   "cell_type": "markdown",
   "id": "6af1a4c2",
   "metadata": {},
   "source": [
    "    TITLE   EX_PROG - Пример программы\n",
    "            PAGE ,132\n",
    "    \n",
    "    STACK   SEGMENT PARA STACK 'STACK'\n",
    "            DB 54 DUP('STACK ')\n",
    "    STACK   ENDS\n",
    "\n",
    "    DSEG    SEGMENT PARA PUBLIC 'DATA'\n",
    "    SOURCE  DB 10,20,30 40 ; Эта таблица будет скопирована в\n",
    "    DEST    DB 4 DUP(?)    ; эту таблицу, в обратном порядке\n",
    "    DSEG    ENDS\n",
    "\n",
    "    SUBTTL Основная программа\n",
    "           PAGE\n",
    "    CSEG   SEGMENT PARA PUBLIC 'CODE'\n",
    "           OUR_PROG  PROC FAR\n",
    "           ASSUME  CS:CSEG,DS:DSEG,SS:STACK"
   ]
  },
  {
   "cell_type": "markdown",
   "id": "38a7bb89",
   "metadata": {},
   "source": [
    "    ;\n",
    "    ; Занести в стек такие начальные значения, чтобы программа\n",
    "    ; могла возвратить управление отладчику DEBUG\n",
    "    ;\n",
    "        PUSH  DS    ; Поместить в стек номер блока адреса возврата\n",
    "        MOV   AX,0  ; Обнулить регистр\n",
    "        PUSH  AX    ; Поместить в стек нулевое смещение адреса возврата\n",
    "    ;\n",
    "    ; Инициировать адрес сегмента данных\n",
    "    ; \n",
    "        MOV   AX,DSEG  ; Инициировать  DS\n",
    "        MOV   DS,AX\n",
    "    ;\n",
    "    ; Присвоить элемент таблицы DEST нулевые начальные значения\n",
    "    ;\n",
    "        MOV   DEST,0    ; Первый байт\n",
    "        MOV   DEST+1,0  ; Второй байт\n",
    "        MOV   DEST+2,0  ; Третий байт\n",
    "        MOV   DEST+3,0  ; Четвертый байт\n",
    "    ;"
   ]
  },
  {
   "cell_type": "markdown",
   "id": "47934928",
   "metadata": {},
   "source": [
    "    ;\n",
    "    ; Скопировать таблицу SOURCE в таблицу DEST, в обратном порядке\n",
    "    ;\n",
    "        MOV  AL,SOURCE    ; Скопировать первый байт\n",
    "        MOV  DEST + 3 , AL\n",
    "        MOV  AL,SOURCE+1  ; Скопировать первый байт\n",
    "        MOV  DEST + 2 , AL\n",
    "        \n",
    "        MOV  AL,SOURCE+2  ; Скопировать третий байт\n",
    "        MOV  DEST + 1 , AL\n",
    "        MOV  AL,SOURCE+3  ; Скопировать третий байт\n",
    "        MOV  DEST, AL\n",
    "        RET ; Возвратить управление отладчику DEBUG\n",
    "        OUT_PROG  ENDP\n",
    "        CSEG      ENDS\n",
    "                  END  OUR_PROG\n",
    "Рис. 2.1. Пример программы для ввода и трансляции\n",
    "\n",
    "Стр. 51\n",
    "\n",
    "------------"
   ]
  },
  {
   "cell_type": "markdown",
   "id": "4075e7a4",
   "metadata": {},
   "source": [
    "Причем смотрите. Ассемблер с тех пор раз сто поменялся. Конечный синтаксис уже давно не тот, но основные идеи остались все те-же.\n",
    "Довольно зубодробительно будет пытаться поднимать досбокс, или виртуальную машину виртуалбокса на досе седьмом или фридосе. Куда разумне будет учиться кодить под винду на флет ассемблере под 64 бита, почитывая мануал для программистов, в качестве первоисточника для чтения и понимания используя эту книгу"
   ]
  },
  {
   "cell_type": "markdown",
   "id": "b047ff4a",
   "metadata": {},
   "source": [
    "# Ввод прoграммы\n",
    "\n",
    "Для ввода программы в ЭВМ надо воспользоваться либо программой EDLIN, либо (что еще лучше) любым другим редактором или программой обработки текста, которые сохраняют текст в виде стандартных кодов ASCII (т. е. в нефор- матированном виде без управляющих символов). Например, Вы можете воспользоваться программой WordStar в режиме \"не-документа\" N. Так как нам не известно, какая программа обработки текста есть у Вас (и есть ли вообще), то будем предполагать, что Вы пользуетесь программой EDLIN. В табл. 2.6 описаны наиболее полезные команды этой программы.\n",
    "\n",
    "Вообще говоря, мы будем исходить из того, что у Вас есть два дисковода для гибких дисков. Если у Вас только один дисковод, то описанной ниже процедурой можно пользоваться за счет частых перестановок дисков. Если Вы располагаете жестким диском, то игнорируйте приглашение к вводу A> и В>, которые относятся к гибким дискам. Вместо этого подразумевайте C> всюду, где в книге указано\n",
    "A> или В>."
   ]
  },
  {
   "cell_type": "markdown",
   "id": "27f57624",
   "metadata": {},
   "source": [
    "Для ввода программы действуйте следующим образом:\n",
    "1. Вставьте Ваш новый диск с Ассемблером в левый дисковод (А), а чистый диск данных - в правый дисковод (В), затем включите питание ЭВМ. Нажмите клавишу возврата каретки, когда ЭВМ запросит ввод даты и времени.\n",
    "2. Когда появится приглашение к вводу A>, наберите b: и нажмите клавишу возврата каретки. Тем самым активным станет правый дисковод. (На будущее запомните, что для завершения ввода любой команды надо нажимать клавишу возврата каретки.) \n",
    "3. Введите команду ```B>a:edlin ex prog.asm``` Здесь еx_prog - имя программы, которую мы хотим создать. Расширение имени (.asm) указывает, что это исходная программа на языке ассемблера.\n",
    "4. Когда ЭВМ выдаст на экран (новый файл), нажмите I для перевода программы EDLIN в режим вставки. Следующее приглашение к вводу ```1:*``` означает, что программа EDLIN ждет ввода первой строки текста - в 1 ашем случае, первого оператора исходной программы.\n",
    "5. Поочередно введите строки программы, изображенной на рис. 2.1. Мы набрали большинство слов прописными буквами, но если хотите, можете набирать вместо них строчные буквы. Кроме того, для большего удобства чтения листинга мы выравнивали поля операторов, но Вы можете вводить их как заблагорассудится. Надо лишь не забывать вставлять между полями хотя бы один пробел.\n",
    "6. По окончании ввода наберите Ctrl-Break (Tо есть нажмите клавишу управляющего регистра Ctrl и, удерживая ее, нажмите клавишу Break. Прим. перев.). Это заставит программу EDLIN выйти из режима вставки. Затем наберите Е для сохранения программы на диске данных. Теперь Вы можете оттранслировать исходную программу и получить объектную программу.\n",
    "\n",
    "Стр. 52\n",
    "\n",
    "----------"
   ]
  },
  {
   "cell_type": "markdown",
   "id": "39329e61",
   "metadata": {},
   "source": [
    "Таблица 2.6. Общеупотребительские команды программы EDLIN\n",
    "\n",
    "|Команда|Действие|Примечание|\n",
    "|---|---|---|\n",
    "|$[$нач_строка$]$$[$,кон_строка$]$D | Удалить строку | Ввод команды D без <br/> параметров приводит <br/> к уничтожению <br/> текущей строки|\n",
    "|$[$строка$]$|Изобразить редактируемую строку|Нажатие клавиши возврата <br/> каретки вызывает переход <br/> к следующей строке |\n",
    "|E|Сохранить программу <br/> на диске и вернуться к DOS| Используйте Е для завершения <br/> сеанса редактирования <br/> (см. ниже команду Q) |\n",
    "|$[$строка$]$| Вставить набираемые на клавиатуре <br/>строки перед указанной строкой.<br/> Для выхода из режима вставки <br/> нажмите Ctrl-Break.|При наборе новой исходной <br/> программы укажите I без <br/>номера строки.|"
   ]
  },
  {
   "cell_type": "markdown",
   "id": "6192b3cc",
   "metadata": {},
   "source": [
    "|Команда|Действие|Примечание|\n",
    "|---|---|---|\n",
    "|$[$нач_строка$]$$[$,кон_строка$]$L Q| Напечатать (изобразить) строки. <br/> Вернуться к DOS без сохранения <br/> отредактированного текста|См. выше команду E|\n",
    "|$[$нач_строка$]$,$[$кон_строка$]$, адрес С|Вставить копии указанныз строк <br/> непосредственно перед строкой <br/> адресата|Имеется в DOS 2.0 <br/> и более поздних версиях|\n",
    "|$[$нач_строка$]$,$[$кон_строка$]$, адресат М|Переместить указанные строки, <br/> вставляя их непосредственно <br/> перед строкой адресат|Имеется в DOS 2.0 и <br/> более поздних версиях|\n",
    "|$[$нач_строка$]$,$[$кон_строка$]$R| Заменить образец старый_фрагмент|\n",
    "|$[$старый_фрагмент$]$затем $<$F6$>$|на новый_фрагмент в указаннои||\n",
    "|$[$новый_фрагмент$]$|диапазоне строк||\n",
    "|$[$нач_строка$]$,$[$кон_строка$]$S|Найти образец фрагмента | в указанном|\n",
    "|фрагмент|диапазоне строк||\n",
    "\n",
    "Примечание. В квадратные скобки заключены необязательные элементы команд. Эти таблицы  выше добра и зла. Нет уверенности что по ним Вы сумеете применить эти инструкции. По этому таблицы приводим как есть и на сколько это удается."
   ]
  },
  {
   "cell_type": "markdown",
   "id": "02fd9fa9",
   "metadata": {},
   "source": [
    "# Трансляция программы\n",
    "Для трансляции программы наберите ```B>a:masm ex_prog```. Ассемблер выдаст три запроса, на которые надо ответить как:\n",
    "\n",
    "    Object filename [EX_PROG.OBJ]: (нажмите клавишу возврата каретки)\n",
    "    Source listing [NUL.LST]: ex_prog\n",
    "    Cross reference [NUL.CRF]: (нажмите клавишу возврата каретки)\n",
    "    \n",
    "Смотрите... Всетки это MASM. Он очень старый и не поворотливый, требует установки под админом. В C++ MASM используется досих пор в качестве ассемблерных вставок... В 2024 году он уже не обновлялся 8 и более лет. Его мало где используют. Разумнее учить Fasm.\n",
    "\n",
    "Таким образом, Ассемблеру дается указание обработать исходный файл EX_PROG. ASM для создания объектного файла с предложенным Вам именем EX_PROG. OBJ и выдать листинг трансляции в файл EX_PROG. LST. Листинг трансляции содержит команды исходной программы и соответствующие им числовые коды. Эта полезная информация показывает, как Ассемблер интерпретирует Вашу программу.\n",
    "\n",
    "Стр. 53\n",
    "\n",
    "------------"
   ]
  },
  {
   "cell_type": "markdown",
   "id": "f9605d0d",
   "metadata": {},
   "source": [
    "Если Вы аккуратно выполнили предшествующие шаги, то Ассемблер завершит свою работу сообщением и возвратит управление операционной системе DOS. Если же Ассемблер выдал сообщения об ошибках, то исправьте исходную программу с помощью редактора EDLIN и заново ее оттранслируйте.\n",
    "\n",
    "|Warning|Errors|\n",
    "|---|---|\n",
    "|Severe|Errors|\n",
    "|0|0|\n",
    "|(Предупреждений 0)|(Серьеоных ошибок 0)|\n"
   ]
  },
  {
   "cell_type": "markdown",
   "id": "29203543",
   "metadata": {},
   "source": [
    "# ЛИСТИНГ ИСХОДНОЙ ПРОГРАММЫ\n",
    "Для выдачи листинга трансляции на экран введите команду ``` B>type ex_prog.lst ``` Команды программы промелькнут на экране так быстро, что Вы не успеете их рассмотреть. Для приостанова выдачи можно набрать Ctrl-NumLock; для продолжения - произвольную клавишу. Для получения распечатки изображения листинга на экране переведите свой принтер в режим on-line и наберите Ctrl-PrtSc. Листинг должен выглядеть так, как показано на рис. 2.2. Обратите внимание на то, что благодаря псевдооператору PAGE, указанному в исходной программе, листинг занимает не две страницы, а три. На первых двух страницах распечатаны команды исходной программы и соответствующие им объектные коды в следующем формате: левый столбец листинга содержит шестнадцатеричные значения смещения адреса (в байтах) от начала сегмента; последующие столбцы чисел содержат объектный код каждого оператора. Для сегмента стека и сегмента данных эти числа показывают значения, запоминае- мые в каждой ячейке памяти. Для сегмента команд эти числа означают машинные коды, выполняемые микропроцессором 8088; текст в правой части листинга взят из исходной программы."
   ]
  },
  {
   "cell_type": "markdown",
   "id": "25518b58",
   "metadata": {},
   "source": [
    "    IBM Personal Computer MACRO Assembler Version 2.00 Page 1-1\n",
    "    EX_PROG - Пример программы                              12-17-84\n",
    "                              TITLE EX_PROG  -  Пример программы \n",
    "                                      PAGE      .132\n",
    "    0000                      STACK   SEGMENT   PARA STACK 'STACK'\n",
    "    0000  40[                 DB      64 DUP['STACK']\n",
    "            53 34  41 43 48\n",
    "               20  20 20\n",
    "                           ]\n",
    "    0200                      STACK   ENDS\n",
    "    0000                      DSE6    SEGMENT PARA PUBLIC 'DATA'\n",
    "    0000  0A 14 1E 28         SOURCE  DB  10,20,30,40 ; Эта таблица будет скопирована в \n",
    "    0004    04[               DEST    DB  4 DUP(?)    ; эту таблицу, в обратном порядке\n",
    "                ???\n",
    "                    ]\n",
    "    000B                      DSEE    ENDS\n",
    "                              SUBTTL  Остановка программы\n",
    "Рис. 2.2. Листинг трансляции примера программы\n",
    "\n",
    "Стр. 54\n",
    "\n",
    "---------------------------"
   ]
  },
  {
   "cell_type": "markdown",
   "id": "69932c4c",
   "metadata": {},
   "source": [
    "    IBM Personal Computer MACRO Assembler Version 2.00 Page 1-1\n",
    "    EX_PROG - Пример программы                              12-17-84\n",
    "                                Основная программа\n",
    "                                                 PAGE\n",
    "    0000                        CSE6             SEGMENT PARA PUBLIC CODE\n",
    "    0000                        OUR_PROG         PROG FAR\n",
    "                                                 ASSUME CS:CSE6,DS:DSE6,SS:STACK\n",
    "                                ; Занести в стек такие начальные значения, чтобы программа \n",
    "                                ; могла возвратить управление отладчику DEBUG\n",
    "    0000 IE                     PUSH DS   ; Поместить в стек номер блока адреса возврата\n",
    "    0001 BB 0000                MOV  AI,0 ; Обнулить регистр\n",
    "    0004 50                     PUSH AI   ; Поместить в стек нулевое смещение адреса возврата\n",
    "                                ;  Инициировать адрес сегмента данных\n",
    "    0005 BB ----  R             MOV AI,DSE6  ; Инициировать DS\n",
    "    0009 BE DS                  MOV DS,AI\n",
    "                                ; Присвоить элементам таблицы DEST нулевые начальные значения"
   ]
  },
  {
   "cell_type": "markdown",
   "id": "dc1d475b",
   "metadata": {},
   "source": [
    "            ; Массив что-ли разбирают\n",
    "    000A  C6  06  0004  R 00   MOV    DEST,0     ; Первый байт\n",
    "    000F  C6  06  0005  R 00   MOV    DEST+1,    ; Второй байт\n",
    "    0014  C6  06  0006  R 00   MOV    DEST+2,0   ; Третий байт\n",
    "    0019  C6  06  0007  R 00   MOV    DEST+3,0   ; Четвертый байт\n",
    "            ; Скопировать таблицу Source в таблицу DEST, в обратном порядке\n",
    "    001E  A0  0000 R           MOV  AL,SOURSE    ; Скопировать первый байт\n",
    "    0021  A2  0007 R           MOV  DEST+3,AL\n",
    "    0024  A0  0001 R           MOV  AL,SOURSE +1 ; Скопировать второй байт\n",
    "    0027  A2  0006 R           MOV  DEST+2,AL\n",
    "    002A  A0  0002 R           MOV  AL,SOURSE +2 ; Скопировать третий байт\n",
    "    002B  A2  0005 R           MOV  DEST+1,AL\n",
    "    0030  A0  0003 R           MOV  AL, SOURCE+3 ; Скопировать четвертый байт\n",
    "    0033  A2  0004 R           MOV  DEST,AL\n",
    "    0036  C9                   RET     ; Возратить управление отладчику DEBUG\n",
    "    0037              OUR_PROG ENDP\n",
    "    0037              CSEG     ENDS\n",
    "                               END   OUR_PROG"
   ]
  },
  {
   "cell_type": "markdown",
   "id": "001b7821",
   "metadata": {},
   "source": [
    "    IBM Personal Computer MACRO ASSEMBLER Version 2.00 Page Symbols-1\n",
    "    EX_PROG - Пример программы 12-17-84\n",
    "    Segment and Groups:>\n",
    "|Name|Size|Align|Conbine|Class|\n",
    "|---|---|---|---|---|\n",
    "|CSEG|0037|PARA|PUBLIC|'CODE'|\n",
    "|DSEG|0008|PARA|PUBLIC|'DATA'|\n",
    "|STACK|0200|PARA|STACK|'STACK'|\n",
    "    Symdols:>\n",
    "|Name|Type|Value|Atte|---|\n",
    "|---|---|---|---|:--|\n",
    "|DEST|L  BYTE|0004|DSEG|Length = 0004|\n",
    "|OUR_PROG|F  PROC|0000|CSRG|Length = 0037|\n",
    "|SOURCE|L  BYTE|0000|DSEG||\n",
    "    \n",
    "|50092|Bytes free|\n",
    "|---|---|\n",
    "|Warning|Severe|\n",
    "|Errors|Errors|\n",
    "|0|0|\n",
    "\n",
    "    A)\n",
    "    \n",
    "Стр. 55\n",
    "\n",
    "----------------"
   ]
  },
  {
   "cell_type": "markdown",
   "id": "f984d4e9",
   "metadata": {},
   "source": [
    "\n",
    "На третьей странице листинга дается детальная сводная информация о сегментах и идентификаторах программы. В принципе, эту часть листинга можно игнорировать. В Ассемблере версии 2 предусмотрен режим /N, отменяющий выдачу этих таблиц."
   ]
  },
  {
   "cell_type": "markdown",
   "id": "844474d2",
   "metadata": {},
   "source": [
    "# Поиск точки останова программы\n",
    "Самое главное, что нам требуется от этого листинга, - это смещение адреса команды RET, указанной в конце программы. Мы используем его значение позже для исполнения программы вплоть до команды RET. После этого мы проверим содержимое регистров и таблиц данных. Нам надо остановиться непосредственно перед командой RET, поскольку после ее выполнения микропроцессор 8088 возвращает управление обратно в системную программу, откуда не так-то легко посмотреть эти значения.\n",
    "\n",
    "Изобразите листинг на экране с помощью команды ТYРЕ. Когда появится команда RET, то обратите внимание, что смещение ее адреса (крайнее левое число) равно 0036. Запомните его на будущее.\n",
    "\n",
    "# СОЗДАНИЕ ИСПОЛНЯЕМОГО ФАЙЛА\n",
    "Операционная система DOS может считывать программу в любое подходящее место памяти. Чтобы воспользоваться этим, надо создать перемещае- мый исполняемый файл. Программа, создающая перемещаемый исполняемый файл, называется загруз- чиком, поскольку может загрузить несколько объектных файлов в один большой исполняемый файл. Для вызова загрузчика введите команду ```B>a:link ex_prog;```\n",
    "\n",
    "Когда вновь появится В>, на Вашем диске данных уже будет находиться исполняемый файл EX_PROG.EXE."
   ]
  },
  {
   "cell_type": "markdown",
   "id": "7633d70b",
   "metadata": {},
   "source": [
    "# Загрузка нескольких объектных модулей\n",
    "B данном примере был только один объектный модуль EX_PROG.OBJ; при чтении других глав Вам придется создавать программы из двух или большего числа объектных модулей. В этом случае модули должны быть оттранслированы отдельно, а при запуске загрузчика имена объектных модулей надо указать, соединив их знаком + . Например, по команде ```B>a:link mod1+mod2+mod3``` загрузчик создаст исполняемый файл с именем MOD1.EXE из объектных модулей MOD1.OBJ, MOD2.OBJ и MOD3.OBJ.\n",
    "\n",
    "# Исполнение программы\n",
    "Как уже упоминалось, Вы можете вызвать свой перемещаемый исполняемый файл EX_PROG.EXE из операционной системы DOS или из отладчика DEBUG. Обычно программа вызывается из DOS только тогда, когда есть уверенность в ее правильности или когда она выдает какие-либо видимые результаты. В нашем примере программы нет ошибок (постучим по дереву!), но ее результаты остаются в памяти ЭВМ и не видны. Поэтому мы должны исполнять ее под управлением отладчика DEBUG. В табл. 2.7 приведены наиболее распространенные команды этого отладчика.\n",
    "\n",
    "Стр. 56\n",
    "\n",
    "---------"
   ]
  },
  {
   "cell_type": "markdown",
   "id": "c441dcf7",
   "metadata": {},
   "source": [
    "# Таблица 2.7 Общеупотребительные команды отладчика DEBUG\n",
    "|Команда|Действие|Примечание|\n",
    "|:-:|---|---|\n",
    "|D адрес<br/>или<br/>D адрес_начала смещения_конца|Изобразить<br/>содержимое<br/>ячеек памяти|Обратите внимание, что для <br/>конечного адреса задается<br/>только смещение|\n",
    "|E адрес значение 1 $[$значение 2 ...$]$|Изменить содержимое <br/> ячейки памяти|\n",
    "|F адрес_начала L значение_байта|Запомнить блок памяти<br/>заданным значением|\n",
    "|G$[$смещение 1$]$$[$смещение 2 ...$]$|Исполнить программу<br/>Значения смещений задают<br/>контрольные точки. Если они<br/>указаны, то процессор<br/>остановится перед выполнением<br/>команды в очередной контрольной<br/>точке и изобравить<br/>содержимое регистров.|См. ниже команду T|"
   ]
  },
  {
   "cell_type": "markdown",
   "id": "c2a6a98a",
   "metadata": {},
   "source": [
    "\n",
    "|Команда|Действие|Примечание|\n",
    "|:-:|---|---|\n",
    "|Q|Выйти из отладчика<br/>и вернуться к DOS|\n",
    "|R$[$имя-регистра$]$|Изобразить содержимое<br/>одного или всех регистров|Если изображено содержимое<br/>одного регистра, то R<br/>позволяет Вам изменить его|\n",
    "|T$[$число-команд$]$|Исполнить заданное число<br/>команд и изобразить<br/>содержимое регистров на<br/>каждом шаге|См. выше команду G|\n",
    "|U $[$адрес$]$|Ретранслировать содержимое<br/>ячейки памяти в команду на<br/>языке ассемблера|\n",
    "Примечание. В квадратные скобки заключены необязательные элементы команд."
   ]
  },
  {
   "cell_type": "markdown",
   "id": "11b95b69",
   "metadata": {},
   "source": [
    "Для начала введем команду ```a:debug ex_prog.exe``` После этого отладчик DEBUG должен выдать свое приглашение к вводу - знак де- фиса (-).\n",
    "На рис. 2.3 изображен типичный сеанс работы с отладчиком DEBUG. Проследим за каждым шагом работы. Не обращайте внимания на конкретные адреса: на Вашей машине они могут быть другими.\n",
    "Вначале наберем R для изображения содержимого регистров. Команда отладчи- ка R (register -регистр) показывает содержимое каждого регистра в виде четырех шестнадцатеричных цифр. Она также расшифровывает значения битов регистра флагов в виде ряда двухбуквенных мнемокодов. Их значения приведены в табл.\n",
    "2.8. В нашем случае выданные командой R мнемокоды показывают, что в начальном состоянии все биты регистра флагов сброшены (т. е. имеют значения 0).\n",
    "\n",
    "Стр. 57\n",
    "\n",
    "-------------"
   ]
  },
  {
   "cell_type": "markdown",
   "id": "93ae3b1c",
   "metadata": {},
   "source": [
    "    A> debug ex-prog.exe\n",
    "    -r\n",
    "    Ax=0000 BX=0000 CX=0247 DX=0000 SP=0200 BP=0000 SI=0000 DI=0000\n",
    "    DS=10CB ES=10C8 SS=10D8 CS=10F9 IP=0000 NV UP EI PL NZ NA PO NC\n",
    "    10F9:0000 1E PUSH DS\n",
    "    - t\n",
    "    AX=0000 BX=0000 CX=0247 DX=0000 SP=01FE BP=0000 SI=0000 DI=0000\n",
    "    DS=10C8 ES=10CB SS=10DB CS=10F9 IP=0001 NV UP EI PL NZ NA PO NC\n",
    "    10F910001 BB0000 MOV Ax,0000\n",
    "    - t\n",
    "    AX=0000 BX=0000 Cx=0247 Dx=0000 SP=O1FE BP=0000 ST=0000 DI=OOOO\n",
    "    DS=10CB ES=10CB SS=1ODB CS=10F9 TP=0004 NV UP EI PL NZ NA PO NC\n",
    "    10F9:0004 50 PUSH AX\n",
    "    - g36"
   ]
  },
  {
   "cell_type": "markdown",
   "id": "7ea3344a",
   "metadata": {},
   "source": [
    "    AX=1028 BX=0000 CX=0247 DX=0000 SP=01FC BP=0000 SI=0000 DI=0000\n",
    "    DS=10FB ES=10CB SS=10DB CS=10F9 IP=0036 NV UP EI PL NZ NA PO NC\n",
    "    10F9:0036 CB RETF\n",
    "    -dds:0\n",
    "    10F8:0000 0a 14 1E 28 28 1E 14 0A-00 00 00 00 00 00 00 00 ..((.........\n",
    "    10F8:0010 1e BB 00 00 50 BB FB 10-8E DB c6 06 04 00 00 c6 ....P........\n",
    "    10F8:0020 06 05 00 00 C6 06 06 00-00 C6 06 07 00 00 A0 00 .............\n",
    "    10F8:0030 00 A2 07 00 A0 01 00 A2-06 00 A0 02 00 A2 05 00 .............\n",
    "    10F8:0040 A0 03 00 A2 04 00 CB 32-85 50 E8 61 54 83 C4 02 ......2.P.aT.\n",
    "    10F8:0050 C6 06 49 07 00 8B 46 FA-88 56 FC A3 A0 07 89 16 ..I..F..V....\n",
    "    10F8:0060 A2 07 E9 00 FF 90 B0 BE-F2 FB 00 74 0A 80 3E DE ..........t..\n",
    "    10F8:0070 25 00 74 03 E9 85 FE E8-5A FA 5E 5F 88 E5 50 C3 %.t....Z...].\n",
    "-dss:0"
   ]
  },
  {
   "cell_type": "markdown",
   "id": "d1198df7",
   "metadata": {},
   "source": [
    "    10D8: 0000 53 54 41 43 48 20 20 20-53 54 41 43 48 20 20 20 STACK STACK\n",
    "    100B: 0010 53 54 41 43 48 20 20 20-53 54 41 43 48 20 20 20 STACK STACK\n",
    "    1008: 0020 53 54 41 43 48 20 20 20-53 54 41 43 48 20 20 20 STACK STACK\n",
    "    100B: 0030 53 54 41 43 4B 20 20 20-53 54 41 43 4B 20 20 20 STACK STACK\n",
    "    10D8: 0040 53 54 41 43 48 20 20 20-53 54 41 43 48 20 20 20 STACK STACK\n",
    "    1008: 0050 53 54 41 43 48 20 20 20-53 54 41 43 48 20 20 20 STACK STACK\n",
    "    1008: 0060 53 54 41 43 48 20 20 20-53 54 41 43 48 20 20 20 STACK STACK\n",
    "    1008: 0070 53 54 41 43 48 20 20 20-53 54 41 43 48 20 20 20 STACK STACK\n",
    "    -q\n",
    "    A>\n",
    "Рис. 2.3. Сеанс исполнения примера программы с помощью отладчика DEBUG"
   ]
  },
  {
   "cell_type": "markdown",
   "id": "f2e885f3",
   "metadata": {},
   "source": [
    "Таблица 2.8. Мнемокоды значений флагов, используемые отладчиком DEBUG\n",
    "|Имя флага|Установлен|Сброшен|\n",
    "|---|---|---|\n",
    "|Переполнение (да/нет)|OV|NV|\n",
    "|Направление (уменьшение/увеличение)|DN|UP|\n",
    "|Прерывания (включены/отключены)|ΕΙ|DI|\n",
    "|Знак (отрицательный/положительный)|NG|PL|\n",
    "|Нуль (да/нет)|ZR|NZ|\n",
    "|Вспомогательный перенос (да/нет)|AC|ΝΑ|\n",
    "|Четность (чет/нечет)|PE|PO|\n",
    "|Перенос (да/нет)|CY|NC|\n",
    "Стр. 58\n",
    "\n",
    "----------------------"
   ]
  },
  {
   "cell_type": "markdown",
   "id": "ea2a2b92",
   "metadata": {},
   "source": [
    "Последняя строка, выданная командой R, показывает, какую команду микропроцессор 8088 выполнит следующей (а не только что выполненную команду). Читая слева направо, мы видим, что следующая команда имеет адрес 0923: 0000 (это соответственно значения регистра сегмента команд CS и указателя команд IP), объектный код этой команды - IE, а самая команда - PUSH DS. Пока что все в порядке, поскольку PUSH DS и в самом деле первая команда в нашем примере программы.\n",
    "\n",
    "Затем мы воспользуемся командами Т (Trace - трассировка или пошаговое исполнение) для исполнения команды PUSH DS и следующей команды MOV AX, 0000. При каждом вводе команды Т ЭВМ исполняет одну команду программы, затем изображает на экране содержимое регистров и показывает, какая команда будет исполнена следующей. Таким образом, трассировка позволяет Вам посмотреть, что содержат регистры в каждый момент времени и по какому пути идет исполнение программы. При отладке эта информация просто неоценима.\n",
    "\n",
    "Обратите внимание на изменения содержимого регистров при исполнении каждой команды. После первой команды Т в результате исполнения команды PUSH указатель стека SP изменит значение с 0200 на 01FE. Если бы при трассиров- ке была исполнена команда PUSH AX, то Вы вновь обнаружили бы уменьшение значения регистра SP."
   ]
  },
  {
   "cell_type": "markdown",
   "id": "71b58037",
   "metadata": {},
   "source": [
    "После трассировки двух первых команд мы воспользовались командой G (Go - прогнать до контрольной точки), чтобы продолжить исполнение программы вплоть до команды RET. При этом мы ввели g 36, поскольку, как мы заметили ранее, команда RET имеет смещение 36 от начала сегмента команд. Отладчик DEBUG изображает команду RET как RETF, поскольку ему придется делать возврат из процедуры с атрибутом FAR.\n",
    "\n",
    "После завершения исполнения программы нам надо проверить, правильно ли она работала; другими словами, скопировала ли она в обратном порядке содержимое таблицы SOURCE в таблицу DEST. Чтобы увидеть конечное состояние таблиц, воспользуемся командой D (Dump - дамп), \n",
    "\n",
    "Введем ```d ds:0```\n"
   ]
  },
  {
   "cell_type": "markdown",
   "id": "7805839c",
   "metadata": {},
   "source": [
    "Эта команда сообщает отладчику DEBUG, что надо изобразить (d) содержимое сегмента данных (DS) с самого его начала (смещение 0).\n",
    "В верхней строке экрана содержатся значения ```0A 14 1E 28 28 1E 14 0A```\n",
    "\n",
    "Первые четыре значения представляют собой содержимое таблицы SOURCE; следующие четыре - содержимое таблицы DEST. Эти шестнадцатеричные числа представляют десятичные значения ```10 20 30 40 40 30 20 10``` Как видите, программа работает правильно.\n",
    "\n",
    "Кроме изображения числовых значений ячеек памяти, команда D показывает также их символьные эквиваленты. В нашем случае это позволяет увидеть неиспользованную память в нижней части стека, которая обозначена повторением слова STACK в правой части дампа. Мы добились этого за счет того, что определили сегмент стека с помощью псевдооператора ```DB 64 DUMP ('STACK ') ``` . И, наконец, по команде Q(Quit - завершить) мы выходим из отладчика DÉBUG и возвращаемся в операционную системуDOS.\n",
    "\n",
    "Стр. 59\n",
    "\n",
    "---------------------"
   ]
  },
  {
   "cell_type": "markdown",
   "id": "236009d9",
   "metadata": {},
   "source": [
    "# Другие виды листинга\n",
    "При работе над длинной или сложной программой можно получить два других вида листинга с дополнительной информацией: листинг перекрестных ссылок и листинг распределения памяти.\n",
    "\n",
    "# Листинг перекрестных ссылок\n",
    "Листинг перекрестных ссылок указывает номер строки, в которой определен каждый идентификатор, и номера тех строк, в которых есть ссылки на него. Перед генерацией листинга перекрестных ссылок надо получить файл перекрестных ссылок с расширением имени (.CRF). Для этого надо в ответ на запрос Aссемблера \"Cross reference\" ввести имя программы. В нашем случае правильным ответом будет\n",
    "    \n",
    "    Cross reference [NUL.CRF]: ex_prog"
   ]
  },
  {
   "cell_type": "markdown",
   "id": "1fccdfc7",
   "metadata": {},
   "source": [
    "Помимо создания файла с расширением .CRF, указание имени в ответ на этот запрос заставляет Ассемблер включить номера строк в его обычный листинговый (.LST) файл. После завершения трансляции введите команду ```b>a:cref``` и дайте следующие ответы на появляющиеся запросы:\n",
    "\n",
    "    Cref filename [.CRF]: ex_prog\n",
    "    List filename [EX_PROG.REF]: (нажмите клавишу вооврата каретки)\n",
    "    \n",
    "Когда операционная система DOS вновь выдаст приглашение к вводу, изобразите на экране листинг перекрестных ссылок командой \n",
    "\n",
    "    B>type ex_prog.ref\n",
    "    \n",
    "Как показано на рис. 2.4, Вы получите имя каждого идентификатора программы, номер строки, где он определен (помеченный знаком # ), и все номера строк других операторов, которые на него ссылаются.\n"
   ]
  },
  {
   "cell_type": "markdown",
   "id": "c590da6b",
   "metadata": {},
   "source": [
    "    EX-PROG - Пример программы\n",
    "    Sembol Cross-Reference (# is definition) Cref-1\n",
    "    CODE ... 18\n",
    "    CSEG ... 18# 20 53\n",
    "    DATA ... 9\n",
    "    DEST ... 111 36 37 38 39 44 46 48 50\n",
    "    DSEG ...  91 15 20 31\n",
    "    OUR_PROG ... 191 52 54\n",
    "    SOURCE   ... 101 43 45 47 49\n",
    "    STACK    ... 31   3  8 20\n",
    "    8 Symbols\n",
    "    62578 Bytes Free\n",
    "    A>\n",
    "Рис. 2.4. Листинг перекрестных ссылок для примера программы\n",
    "\n",
    "Стр. 60\n",
    "\n",
    "--------------"
   ]
  }
 ],
 "metadata": {
  "kernelspec": {
   "display_name": "Python 3 (ipykernel)",
   "language": "python",
   "name": "python3"
  },
  "language_info": {
   "codemirror_mode": {
    "name": "ipython",
    "version": 3
   },
   "file_extension": ".py",
   "mimetype": "text/x-python",
   "name": "python",
   "nbconvert_exporter": "python",
   "pygments_lexer": "ipython3",
   "version": "3.11.4"
  }
 },
 "nbformat": 4,
 "nbformat_minor": 5
}
